[689a1c4e11a56.site123.me/index.html]
[files.cdn-files-a.com/uploads/11109623/2000_689a1d8967c3f.jpg]
[cdn-cms-s-8-4.f-static.net/manager/websites/site123_website/files/logos/brand_files_2020/Icons/Png/Icon_blue5ce5.png]
[cdn-cms-s-8-4.f-static.net/ready_uploads/pwaScreenLogo/pwaImage111c.png]
[cdn-cms-s-8-4.f-static.net/ready_uploads/pwaScreenLogo/pwaImage79f2.png]
[cdn-cms-s-8-4.f-static.net/ready_uploads/pwaScreenLogo/pwaImage9e65.png]
[backblue.gif]
[fade.gif]
[index.html]
[cdn-cms-s-8-4.f-static.net/versions/2/system_mini/css/minimize_main6876.css]
[cdn-cms-s-8-4.f-static.net/versions/2/css/websiteCSSc6cd.css]
[689a1c4e11a56.site123.me/_]
[689a1c4e11a56.site123.me/'https_]
[files.cdn-files-a.com/uploads/11109623/400_filter_nobg_689a21cab5dcb.png]
[files.cdn-files-a.com/uploads/11109623/800_689a25a4eebe6.jpg]
[689a1c4e11a56.site123.me/clínicas.html]
[files.cdn-files-a.com/uploads/11109623/400_689a279dab845.png]
[689a1c4e11a56.site123.me/neuropsicológicas.html]
[files.cdn-files-a.com/uploads/11109623/400_689ca03916550.jpg]
[689a1c4e11a56.site123.me/educativas.html]
[files.cdn-files-a.com/uploads/11109623/400_689a262bad8de.jpg]
[689a1c4e11a56.site123.me/organizacionales.html]
[files.cdn-files-a.com/uploads/11109623/400_689a28aa15058.jpg]
[689a1c4e11a56.site123.me/digitales.html]
[files.cdn-files-a.com/uploads/11109623/400_689a29ff111b6.jpg]
[files.cdn-files-a.com/uploads/11109623/2000_pb-689e0afac41b3.jpg]
[files.cdn-files-a.com/uploads/11109623/2000_68a5db215a1b2.jpg]
[files.cdn-files-a.com/uploads/11109623/2000_68a5df9638966.png]
[files.cdn-files-a.com/uploads/11109623/2000_68a5e041cdc9c.png]
[files.cdn-files-a.com/uploads/11109623/2000_68a5e177983c9.jpg]
[files.cdn-files-a.com/uploads/11109623/2000_68a5e4e1596c6.png]
[files.cdn-files-a.com/uploads/11109623/2000_68a5e2e542a39.jpg]
[files.cdn-files-a.com/uploads/11109623/2000_68adbfa7932cf.png]
[files.cdn-files-a.com/uploads/11109623/2000_68adc0b43f4e3.jpg]
[files.cdn-files-a.com/uploads/11109623/2000_68adc18d47eec.jpg]
[files.cdn-files-a.com/uploads/11109623/2000_68adc2e64e2c5.jpg]
[files.cdn-files-a.com/uploads/11109623/2000_68adc3a90cd75.jpg]
[files.cdn-files-a.com/uploads/11109623/2000_68adc44f447d9.jpg]
[files.cdn-files-a.com/uploads/11109623/2000_68adc4de7c703.jpg]
[files.cdn-files-a.com/uploads/11109623/2000_68adc58f53bec.png]
[files.cdn-files-a.com/uploads/11109623/2000_68adc61985702.png]
[files.cdn-files-a.com/uploads/11109623/2000_68adc6dc7337d.png]
[files.cdn-files-a.com/uploads/11109623/2000_68adc73f48d49.jpg]
[files.cdn-files-a.com/uploads/11109623/2000_68adc847a1f7c.png]
[files.cdn-files-a.com/uploads/11109623/normal_68adc8a68991c.gif]
[files.cdn-files-a.com/uploads/11109623/2000_68adc9250b3eb.jpg]
[files.cdn-files-a.com/uploads/11109623/normal_68adc9903354a.gif]
[files.cdn-files-a.com/uploads/11109623/2000_68adcab7aa8b7.jpg]
[files.cdn-files-a.com/uploads/11109623/2000_68adcb1edb496.png]
[files.cdn-files-a.com/uploads/11109623/2000_68adcbbbb3a4e.png]
[files.cdn-files-a.com/uploads/11109623/2000_68adcc43a899a.jpg]
[files.cdn-files-a.com/uploads/11109623/2000_68adcca61496b.jpg]
[files.cdn-files-a.com/uploads/11109623/2000_68adcd7025a32.png]
[files.cdn-files-a.com/uploads/11109623/2000_pb-689e0b80839e2.jpg]
[files.cdn-files-a.com/uploads/11109623/2000_68adecf436013.jpg]
[files.cdn-files-a.com/uploads/11109623/2000_68adedb1316ba.jpg]
[files.cdn-files-a.com/uploads/11109623/2000_68adee661e9fb.png]
[files.cdn-files-a.com/uploads/11109623/2000_68adeedaa22d6.jpg]
[files.cdn-files-a.com/uploads/11109623/2000_68adef66bcbfc.jpg]
[files.cdn-files-a.com/uploads/11109623/2000_68adf05e6aba6.jpg]
[files.cdn-files-a.com/uploads/11109623/2000_68adf10a468a4.png]
[files.cdn-files-a.com/uploads/11109623/2000_68adf17cbeb51.jpg]
[files.cdn-files-a.com/uploads/11109623/2000_68adf2b362525.jpg]
[files.cdn-files-a.com/uploads/11109623/2000_68b5b982c74e9.png]
[files.cdn-files-a.com/uploads/11109623/2000_68adf4b4a4ac5.png]
[files.cdn-files-a.com/uploads/11109623/2000_68adf5faa6097.jpg]
[files.cdn-files-a.com/uploads/11109623/2000_68adf7260c291.jpg]
[files.cdn-files-a.com/uploads/11109623/2000_68b5b1f5cd9cd.jpg]
[files.cdn-files-a.com/uploads/11109623/2000_68b5b31025866.png]
[files.cdn-files-a.com/uploads/11109623/2000_68b5b436f3558.jpg]
[files.cdn-files-a.com/uploads/11109623/2000_68b5b61e7d5f2.jpg]
[files.cdn-files-a.com/uploads/11109623/2000_68b5b6d731811.jpg]
[files.cdn-files-a.com/uploads/11109623/2000_68b5b74b27336.png]
[files.cdn-files-a.com/uploads/11109623/2000_68b5b8bd0a111.jpg]
[files.cdn-files-a.com/uploads/11109623/normal_68b5bbef1ada3.gif]
[files.cdn-files-a.com/uploads/11109623/2000_68b5bce34713a.png]
[files.cdn-files-a.com/uploads/11109623/normal_68b5c9d128702.gif]
[files.cdn-files-a.com/uploads/11109623/2000_68b5c00beed26.jpg]
[files.cdn-files-a.com/uploads/11109623/2000_68b5c2434aac4.jpg]
[files.cdn-files-a.com/uploads/11109623/2000_68b5c30454669.jpg]
[files.cdn-files-a.com/uploads/11109623/2000_68b5c37b895c6.jpg]
[files.cdn-files-a.com/uploads/11109623/2000_un-689e09bc8db8b.jpg]
[files.cdn-files-a.com/uploads/11109623/normal_689cc1a19de38.gif]
[files.cdn-files-a.com/uploads/11109623/2000_689ccf0e52bad.jpg]
[files.cdn-files-a.com/uploads/11109623/2000_689cbf2b0dbed.png]
[files.cdn-files-a.com/uploads/11109623/2000_689cc12f82cf0.png]
[files.cdn-files-a.com/uploads/11109623/2000_689cd0acb86a7.jpg]
[files.cdn-files-a.com/uploads/11109623/2000_689ccd7e0a257.png]
[files.cdn-files-a.com/uploads/11109623/2000_689cccee4b26f.jpg]
[files.cdn-files-a.com/uploads/11109623/2000_689cce1fa9d1a.jpg]
[files.cdn-files-a.com/uploads/11109623/2000_689cc2c8ec33a.jpg]
[files.cdn-files-a.com/uploads/11109623/2000_689cccae15cd6.jpg]
[files.cdn-files-a.com/uploads/11109623/2000_689cbea5c090a.jpg]
[files.cdn-files-a.com/uploads/11109623/2000_689cd018b7ac1.jpg]
[files.cdn-files-a.com/uploads/11109623/2000_689ccd281b7cb.jpg]
[files.cdn-files-a.com/uploads/11109623/2000_689ccc69e65ac.png]
[files.cdn-files-a.com/uploads/11109623/2000_689cc0bff2a6a.jpg]
[files.cdn-files-a.com/uploads/11109623/2000_689cb38697f37.png]
[files.cdn-files-a.com/uploads/11109623/2000_689ccb7849b19.jpg]
[files.cdn-files-a.com/uploads/11109623/2000_689cc04d636d8.png]
[files.cdn-files-a.com/uploads/11109623/2000_689cd139c1526.png]
[files.cdn-files-a.com/uploads/11109623/2000_68add56f89414.jpg]
[files.cdn-files-a.com/uploads/11109623/2000_689dfb7d32793.jpg]
[files.cdn-files-a.com/uploads/11109623/2000_689def4b05d93.jpg]
[files.cdn-files-a.com/uploads/11109623/2000_689dfcf2036d7.jpg]
[files.cdn-files-a.com/uploads/11109623/2000_un-689e0b303da41.jpg]
[files.cdn-files-a.com/uploads/11109623/2000_68add6e66da4e.jpg]
[files.cdn-files-a.com/uploads/11109623/2000_68add76bc286a.jpg]
[files.cdn-files-a.com/uploads/11109623/2000_68add7d08dd8b.jpg]
[files.cdn-files-a.com/uploads/11109623/2000_68add8faf0177.jpg]
[files.cdn-files-a.com/uploads/11109623/2000_68add9a0a9cde.jpg]
[files.cdn-files-a.com/uploads/11109623/2000_68add9f39b635.png]
[files.cdn-files-a.com/uploads/11109623/2000_68addc8b42810.jpg]
[files.cdn-files-a.com/uploads/11109623/2000_68addd29bfbbb.jpg]
[files.cdn-files-a.com/uploads/11109623/2000_68adde4fd9500.jpg]
[files.cdn-files-a.com/uploads/11109623/2000_68addea3a745d.jpg]
[files.cdn-files-a.com/uploads/11109623/2000_68addfc2ad97b.jpg]
[files.cdn-files-a.com/uploads/11109623/2000_68ade05e51ae6.png]
[files.cdn-files-a.com/uploads/11109623/2000_68ade91fb63b7.png]
[files.cdn-files-a.com/uploads/11109623/2000_pb-689e0c3b0422f.jpg]
[files.cdn-files-a.com/uploads/11109623/2000_68a89e3cc0edc.png]
[files.cdn-files-a.com/uploads/11109623/2000_68adced5bf887.png]
[files.cdn-files-a.com/uploads/11109623/2000_68c2ddb495444.png]
[files.cdn-files-a.com/uploads/11109623/2000_68add0999d3a6.jpg]
[files.cdn-files-a.com/uploads/11109623/2000_68c2de03481eb.png]
[files.cdn-files-a.com/uploads/11109623/800_689e000307e8d.jpg]
[cdn-cms-s-8-4.f-static.net/files/images/google_map_white_small6876.png]
[cdn-cms-s-8-4.f-static.net/files/images/waze_white_small6876.png]
[cdn-cms-s-8-4.f-static.net/files/images/moovit_white_small6876.png]
[cdn-cms-s-8-4.f-static.net/manager/websites/site123_website/files/logos/brand_files_2020/Logo/Horizontal/PNG/Horizontal_Black6876.png]
[689a1c4e11a56.site123.me/689a1c4e11a56.site123.7e.delayed]
[cdn-cms-s-8-4.f-static.net/manager/translation_JS/website_jsTranslationsf139.js]
[cdn-cms-s-8-4.f-static.net/versions/2/system_mini/js/minimize_p16876.js]
[cdn-cms-s-8-4.f-static.net/versions/2/system_mini/js/minimize_p26876.js]
[cdn-cms-s-8-4.f-static.net/versions/2/system_mini/js/minimize_p36876.js]
[cdn-cms-s-8-4.f-static.net/versions/2/system_mini/js/minimize_p46876.js]
[cdn-cms-s-8-4.f-static.net/versions/2/system_mini/js/minimize_scripts6876.js]
[689a1c4e11a56.site123.me/index.html]
[cdn-cms-s-8-4.f-static.net/versions/2/wizard/statistics/js/generateStats-min6876.js]
[cdn-cms-s-8-4.f-static.net/files/vendor/slick-1.8.1/slick/ajax-loader.gif]
[cdn-cms-s-8-4.f-static.net/versions/2/system_mini/css/owl.video.play.png]
[cdn-cms-s-8-4.f-static.net/versions/2/system_mini/css/minimize_main6876.css]
[images.cdn-files-a.com/ready_uploads/media/26424/2000_5cdd2aeec5281.jpg]
[cdn-cms-s-8-4.f-static.net/versions/2/css/websiteCSSc6cd.css]
[689a1c4e11a56.site123.me/_.html]
[689a1c4e11a56.site123.me/'https_.html]
[689a1c4e11a56.site123.me/sobre-nosotros.html]
[689a1c4e11a56.site123.me/catalogo-de-pruebas.html]
[689a1c4e11a56.site123.me/visítanos.html]
[689a1c4e11a56.site123.me/clínicas.html]
[689a1c4e11a56.site123.me/neuropsicológicas.html]
[689a1c4e11a56.site123.me/educativas.html]
[689a1c4e11a56.site123.me/organizacionales.html]
[689a1c4e11a56.site123.me/digitales.html]
[689a1c4e11a56.site123.me/689a1c4e11a56.site123.html]
[cdn-cms-s-8-4.f-static.net/versions/2/system_mini/css/owl.video.play.html]
[689a1c4e11a56.site123.me/sobre-nosotros.html]
[689a1c4e11a56.site123.me/catalogo-de-pruebas.html]
[689a1c4e11a56.site123.me/visítanos.html]
[689a1c4e11a56.site123.me/contacto.html]
[689a1c4e11a56.site123.me/contacto.html]
